R2: START CYCLE
MAIN LIST: 
R2: START MAIN QUEUE CHECK
R2: START CYCLE
MAIN LIST: 
R2: START MAIN QUEUE CHECK
R2: START CYCLE
MAIN LIST: 
R2: START MAIN QUEUE CHECK
R2: START CYCLE
MAIN LIST: 
R2: START MAIN QUEUE CHECK
R2: START CYCLE
MAIN LIST: 
R2: START MAIN QUEUE CHECK
R2: START CYCLE
MAIN LIST: 
R2: START MAIN QUEUE CHECK
R2: START CYCLE
MAIN LIST: 
R2: START MAIN QUEUE CHECK
R2: START CYCLE
MAIN LIST: 
R2: START MAIN QUEUE CHECK
R2: START CYCLE
MAIN LIST: 
R2: START MAIN QUEUE CHECK
R2: START CYCLE
PRIORITY LIST: 
R2: START PRIORITY QUEUE CHECK
R2: START CYCLE
PRIORITY LIST: 
R2: START PRIORITY QUEUE CHECK
R2: START CYCLE
PRIORITY LIST: 
R2: START PRIORITY QUEUE CHECK
R2: START CYCLE
PRIORITY LIST: 
R2: START PRIORITY QUEUE CHECK
MAIN LIST: 
R2: START MAIN QUEUE CHECK
R2: START CYCLE
PRIORITY LIST: 
R2: START PRIORITY QUEUE CHECK
R2: START CYCLE
PRIORITY LIST: 
R2: START PRIORITY QUEUE CHECK
R2: START CYCLE
MAIN LIST: 
R2: START MAIN QUEUE CHECK
R2: START CYCLE
R2: START CYCLE
R2: START CYCLE
R2: START CYCLE
R2: START CYCLE
PRIORITY LIST: 
R2: START PRIORITY QUEUE CHECK
R2:  2805260049 PROGRAM: 081 STATE: WAITING DIST: 0
R2: NEXT PART IS: 2805260049 DIST: 0
R2: ENTRO UNA PIEZA EN WAITING
R2: NEXT PROGRAM: 251 START: 3 B END: 3C
R2: HANGER LISTO
R2: END HANGER LISTO
R2: PROGRAM 081 IS DONE: DONE
R2: PART IS PASSING
R2: NEW PROGRAM ID: 251 
R2: PROGRAM PASSED COMPLETED
R2: START CYCLE
R2: START CYCLE
R2: START CYCLE
PRIORITY LIST: 
R2: START PRIORITY QUEUE CHECK
R2:  2805260050 PROGRAM: 081 STATE: WAITING DIST: 1
R2: NEXT PART IS: 2805260050 DIST: 1
R2: ENTRO UNA PIEZA EN WAITING
R2: NEXT PROGRAM: 251 START: 4 B END: 4C
R2: HANGER LISTO
R2: END HANGER LISTO
R2: PROGRAM 081 IS DONE: DONE
R2: PART IS PASSING
R2: NEW PROGRAM ID: 251 
R2: PROGRAM PASSED COMPLETED
R2: START CYCLE
R2: START CYCLE
R2: START CYCLE
R2: START CYCLE
PRIORITY LIST: 
R2: START PRIORITY QUEUE CHECK
R2:  2805260049 PROGRAM: 251 STATE: WAITING DIST: 1
R2: NEXT PART IS: 2805260049 DIST: 1
R2: ENTRO UNA PIEZA EN WAITING
R2: NEXT PROGRAM: 361 START: 3 C END: 2D
R2: HANGER LISTO
R2: END HANGER LISTO
R2: PROGRAM 251 IS DONE: DONE
R2: PART IS PASSING
R2: NEW PROGRAM ID: 361 
R2: PROGRAM PASSED COMPLETED
R2: START CYCLE
R2: START CYCLE
R2: START CYCLE
PRIORITY LIST: 
R2: START PRIORITY QUEUE CHECK
R2:  2805260050 PROGRAM: 251 STATE: WAITING DIST: 2
R2: NEXT PART IS: 2805260050 DIST: 2
R2: ENTRO UNA PIEZA EN WAITING
R2: NEXT PROGRAM: 361 START: 4 C END: 3D
R2: HANGER LISTO
R2: END HANGER LISTO
R2: PROGRAM 251 IS DONE: DONE
R2: PART IS PASSING
R2: NEW PROGRAM ID: 361 
R2: PROGRAM PASSED COMPLETED
R2: START CYCLE
R2: START CYCLE
R2: START CYCLE
R2: START CYCLE
PRIORITY LIST: 
R2: START PRIORITY QUEUE CHECK
R2: ERROR: 'NoneType' object has no attribute 'robot_num'
