R1: START CYCLE
MAIN LIST: 
R1: START MAIN QUEUE CHECK
R1:  2805260047 PROGRAM: 001 STATE: READY DIST: 28
R1:  2805260048 PROGRAM: 001 STATE: READY DIST: 29
R1:  2805260049 PROGRAM: 001 STATE: READY DIST: 0
R1:  2805260050 PROGRAM: 001 STATE: READY DIST: 1
R1: NEXT PART IS: 2805260049 DIST: 0
R1: START CYCLE
MAIN LIST: 
R1: START MAIN QUEUE CHECK
R1:  2805260047 PROGRAM: 001 STATE: READY DIST: 28
R1:  2805260048 PROGRAM: 001 STATE: READY DIST: 29
R1:  2805260050 PROGRAM: 001 STATE: READY DIST: 1
R1: NEXT PART IS: 2805260050 DIST: 1
R1: START CYCLE
MAIN LIST: 
R1: START MAIN QUEUE CHECK
R1:  2805260047 PROGRAM: 001 STATE: READY DIST: 28
R1:  2805260048 PROGRAM: 001 STATE: READY DIST: 29
R1: NEXT PART IS: 2805260047 DIST: 28
R1: START CYCLE
MAIN LIST: 
R1: START MAIN QUEUE CHECK
R1:  2805260048 PROGRAM: 001 STATE: READY DIST: 29
R1:  2805260048 PROGRAM: 001 STATE: READY DIST: 29
R1: NEXT PART IS: 2805260048 DIST: 29
R1: START CYCLE
PRIORITY LIST: 
R1: START PRIORITY QUEUE CHECK
R1: NEXT PART IS: 2805260049 DIST: 0
R1: PROGRAM 001 IS DONE: DONE
R1: PART IS PASSING
R1: NEW PROGRAM ID: 081 
R1: PROGRAM PASSED COMPLETED
R1: START CYCLE
PRIORITY LIST: 
R1: START PRIORITY QUEUE CHECK
R1: NEXT PART IS: 2805260050 DIST: 1
R1: PROGRAM 001 IS DONE: DONE
R1: PART IS PASSING
R1: NEW PROGRAM ID: 081 
R1: PROGRAM PASSED COMPLETED
R1: START CYCLE
R1: START CYCLE
R1: START CYCLE
R1: START CYCLE
PRIORITY LIST: 
R1: START PRIORITY QUEUE CHECK
R1: START CYCLE
MAIN LIST: 
R1: START MAIN QUEUE CHECK
R1: START CYCLE
R1: START CYCLE
PRIORITY LIST: 
R1: START PRIORITY QUEUE CHECK
R1:  2805260048 PROGRAM: 001 STATE: WAITING DIST: 29
R1: NEXT PART IS: 2805260048 DIST: 29
R1: PROGRAM 001 IS DONE: DONE
R1: PART IS PASSING
R1: NEW PROGRAM ID: 021 
R1: PROGRAM PASSED COMPLETED
R1: START CYCLE
R1: START CYCLE
R1: START CYCLE
PRIORITY LIST: 
R1: START PRIORITY QUEUE CHECK
R1: START CYCLE
MAIN LIST: 
R1: START MAIN QUEUE CHECK
R1: ERROR: 'NoneType' object has no attribute 'robot_num'
